Determining if the pthread_create exist failed with the following output:
Change Dir: /var/www/html/face_detection/dlib-19.17/build/temp.linux-aarch64-3.6/CMakeFiles/CMakeTmp

Run Build Command:"/usr/bin/make" "cmTC_5b532/fast"
/usr/bin/make -f CMakeFiles/cmTC_5b532.dir/build.make CMakeFiles/cmTC_5b532.dir/build
make[1]: Entering directory '/var/www/html/face_detection/dlib-19.17/build/temp.linux-aarch64-3.6/CMakeFiles/CMakeTmp'
Building C object CMakeFiles/cmTC_5b532.dir/CheckSymbolExists.c.o
/usr/bin/cc   -fPIE   -o CMakeFiles/cmTC_5b532.dir/CheckSymbolExists.c.o   -c /var/www/html/face_detection/dlib-19.17/build/temp.linux-aarch64-3.6/CMakeFiles/CMakeTmp/CheckSymbolExists.c
Linking C executable cmTC_5b532
/usr/bin/cmake -E cmake_link_script CMakeFiles/cmTC_5b532.dir/link.txt --verbose=1
/usr/bin/cc      -rdynamic CMakeFiles/cmTC_5b532.dir/CheckSymbolExists.c.o  -o cmTC_5b532 
CMakeFiles/cmTC_5b532.dir/CheckSymbolExists.c.o: In function `main':
CheckSymbolExists.c:(.text+0x14): undefined reference to `pthread_create'
CheckSymbolExists.c:(.text+0x18): undefined reference to `pthread_create'
collect2: error: ld returned 1 exit status
CMakeFiles/cmTC_5b532.dir/build.make:97: recipe for target 'cmTC_5b532' failed
make[1]: *** [cmTC_5b532] Error 1
make[1]: Leaving directory '/var/www/html/face_detection/dlib-19.17/build/temp.linux-aarch64-3.6/CMakeFiles/CMakeTmp'
Makefile:126: recipe for target 'cmTC_5b532/fast' failed
make: *** [cmTC_5b532/fast] Error 2

File /var/www/html/face_detection/dlib-19.17/build/temp.linux-aarch64-3.6/CMakeFiles/CMakeTmp/CheckSymbolExists.c:
/* */
#include <pthread.h>

int main(int argc, char** argv)
{
  (void)argv;
#ifndef pthread_create
  return ((int*)(&pthread_create))[argc];
#else
  (void)argc;
  return 0;
#endif
}

Determining if the function pthread_create exists in the pthreads failed with the following output:
Change Dir: /var/www/html/face_detection/dlib-19.17/build/temp.linux-aarch64-3.6/CMakeFiles/CMakeTmp

Run Build Command:"/usr/bin/make" "cmTC_be5ee/fast"
/usr/bin/make -f CMakeFiles/cmTC_be5ee.dir/build.make CMakeFiles/cmTC_be5ee.dir/build
make[1]: Entering directory '/var/www/html/face_detection/dlib-19.17/build/temp.linux-aarch64-3.6/CMakeFiles/CMakeTmp'
Building C object CMakeFiles/cmTC_be5ee.dir/CheckFunctionExists.c.o
/usr/bin/cc   -DCHECK_FUNCTION_EXISTS=pthread_create -fPIE   -o CMakeFiles/cmTC_be5ee.dir/CheckFunctionExists.c.o   -c /usr/share/cmake-3.10/Modules/CheckFunctionExists.c
Linking C executable cmTC_be5ee
/usr/bin/cmake -E cmake_link_script CMakeFiles/cmTC_be5ee.dir/link.txt --verbose=1
/usr/bin/cc  -DCHECK_FUNCTION_EXISTS=pthread_create    -rdynamic CMakeFiles/cmTC_be5ee.dir/CheckFunctionExists.c.o  -o cmTC_be5ee -lpthreads 
/usr/bin/ld: cannot find -lpthreads
collect2: error: ld returned 1 exit status
CMakeFiles/cmTC_be5ee.dir/build.make:97: recipe for target 'cmTC_be5ee' failed
make[1]: *** [cmTC_be5ee] Error 1
make[1]: Leaving directory '/var/www/html/face_detection/dlib-19.17/build/temp.linux-aarch64-3.6/CMakeFiles/CMakeTmp'
Makefile:126: recipe for target 'cmTC_be5ee/fast' failed
make: *** [cmTC_be5ee/fast] Error 2


Determining if the function sgesv exists failed with the following output:
Change Dir: /var/www/html/face_detection/dlib-19.17/build/temp.linux-aarch64-3.6/CMakeFiles/CMakeTmp

Run Build Command:"/usr/bin/make" "cmTC_8d520/fast"
/usr/bin/make -f CMakeFiles/cmTC_8d520.dir/build.make CMakeFiles/cmTC_8d520.dir/build
make[1]: Entering directory '/var/www/html/face_detection/dlib-19.17/build/temp.linux-aarch64-3.6/CMakeFiles/CMakeTmp'
Building C object CMakeFiles/cmTC_8d520.dir/CheckFunctionExists.c.o
/usr/bin/cc   -DCHECK_FUNCTION_EXISTS=sgesv -fPIE   -o CMakeFiles/cmTC_8d520.dir/CheckFunctionExists.c.o   -c /usr/share/cmake-3.10/Modules/CheckFunctionExists.c
Linking C executable cmTC_8d520
/usr/bin/cmake -E cmake_link_script CMakeFiles/cmTC_8d520.dir/link.txt --verbose=1
/usr/bin/cc  -DCHECK_FUNCTION_EXISTS=sgesv    -rdynamic CMakeFiles/cmTC_8d520.dir/CheckFunctionExists.c.o  -o cmTC_8d520 
CMakeFiles/cmTC_8d520.dir/CheckFunctionExists.c.o: In function `main':
CheckFunctionExists.c:(.text+0x10): undefined reference to `sgesv'
collect2: error: ld returned 1 exit status
CMakeFiles/cmTC_8d520.dir/build.make:97: recipe for target 'cmTC_8d520' failed
make[1]: *** [cmTC_8d520] Error 1
make[1]: Leaving directory '/var/www/html/face_detection/dlib-19.17/build/temp.linux-aarch64-3.6/CMakeFiles/CMakeTmp'
Makefile:126: recipe for target 'cmTC_8d520/fast' failed
make: *** [cmTC_8d520/fast] Error 2


Determining if the function sgesv_ exists failed with the following output:
Change Dir: /var/www/html/face_detection/dlib-19.17/build/temp.linux-aarch64-3.6/CMakeFiles/CMakeTmp

Run Build Command:"/usr/bin/make" "cmTC_0fc2e/fast"
/usr/bin/make -f CMakeFiles/cmTC_0fc2e.dir/build.make CMakeFiles/cmTC_0fc2e.dir/build
make[1]: Entering directory '/var/www/html/face_detection/dlib-19.17/build/temp.linux-aarch64-3.6/CMakeFiles/CMakeTmp'
Building C object CMakeFiles/cmTC_0fc2e.dir/CheckFunctionExists.c.o
/usr/bin/cc   -DCHECK_FUNCTION_EXISTS=sgesv_ -fPIE   -o CMakeFiles/cmTC_0fc2e.dir/CheckFunctionExists.c.o   -c /usr/share/cmake-3.10/Modules/CheckFunctionExists.c
Linking C executable cmTC_0fc2e
/usr/bin/cmake -E cmake_link_script CMakeFiles/cmTC_0fc2e.dir/link.txt --verbose=1
/usr/bin/cc  -DCHECK_FUNCTION_EXISTS=sgesv_    -rdynamic CMakeFiles/cmTC_0fc2e.dir/CheckFunctionExists.c.o  -o cmTC_0fc2e 
CMakeFiles/cmTC_0fc2e.dir/CheckFunctionExists.c.o: In function `main':
CheckFunctionExists.c:(.text+0x10): undefined reference to `sgesv_'
collect2: error: ld returned 1 exit status
CMakeFiles/cmTC_0fc2e.dir/build.make:97: recipe for target 'cmTC_0fc2e' failed
make[1]: *** [cmTC_0fc2e] Error 1
make[1]: Leaving directory '/var/www/html/face_detection/dlib-19.17/build/temp.linux-aarch64-3.6/CMakeFiles/CMakeTmp'
Makefile:126: recipe for target 'cmTC_0fc2e/fast' failed
make: *** [cmTC_0fc2e/fast] Error 2


